0 info it worked if it ends with ok
1 verbose cli [ 'node', '/usr/local/bin/npm', 'install', 'socket.io', '--save' ]
2 info using npm@1.4.28
3 info using node@v0.10.34
4 warn package.json express_base@0.0.1 No README data
5 verbose readDependencies using package.json deps
6 verbose cache add [ 'socket.io', null ]
7 verbose cache add name=undefined spec="socket.io" args=["socket.io",null]
8 verbose parsed url { protocol: null,
8 verbose parsed url   slashes: null,
8 verbose parsed url   auth: null,
8 verbose parsed url   host: null,
8 verbose parsed url   port: null,
8 verbose parsed url   hostname: null,
8 verbose parsed url   hash: null,
8 verbose parsed url   search: null,
8 verbose parsed url   query: null,
8 verbose parsed url   pathname: 'socket.io',
8 verbose parsed url   path: 'socket.io',
8 verbose parsed url   href: 'socket.io' }
9 silly lockFile 71475bfd-socket-io socket.io
10 verbose lock socket.io /Users/tree/.npm/71475bfd-socket-io.lock
11 silly lockFile 71475bfd-socket-io socket.io
12 silly lockFile 71475bfd-socket-io socket.io
13 verbose addNamed [ 'socket.io', '' ]
14 verbose addNamed [ null, '*' ]
15 silly lockFile c03de861-socket-io socket.io@
16 verbose lock socket.io@ /Users/tree/.npm/c03de861-socket-io.lock
17 silly addNameRange { name: 'socket.io', range: '*', hasData: false }
18 verbose request where is /socket.io
19 verbose request registry https://registry.npmjs.org/
20 verbose request id b6dbede767585ffd
21 verbose url raw /socket.io
22 verbose url resolving [ 'https://registry.npmjs.org/', './socket.io' ]
23 verbose url resolved https://registry.npmjs.org/socket.io
24 verbose request where is https://registry.npmjs.org/socket.io
25 info trying registry request attempt 1 at 17:02:21
26 verbose etag "9E27QK4QRIW9L2MD6LSQDNZ5"
27 http GET https://registry.npmjs.org/socket.io
28 http 200 https://registry.npmjs.org/socket.io
29 silly registry.get cb [ 200,
29 silly registry.get   { date: 'Mon, 29 Dec 2014 09:02:22 GMT',
29 silly registry.get     server: 'CouchDB/1.5.0 (Erlang OTP/R16B03)',
29 silly registry.get     etag: '"3E4KFF3BGDOAN7VQAHG60MQ73"',
29 silly registry.get     'content-type': 'application/json',
29 silly registry.get     'cache-control': 'max-age=60',
29 silly registry.get     'content-length': '103140',
29 silly registry.get     'accept-ranges': 'bytes',
29 silly registry.get     via: '1.1 varnish',
29 silly registry.get     age: '0',
29 silly registry.get     'x-served-by': 'cache-ty68-TYO',
29 silly registry.get     'x-cache': 'HIT',
29 silly registry.get     'x-cache-hits': '1',
29 silly registry.get     'x-timer': 'S1419843742.398473,VS0,VE114',
29 silly registry.get     vary: 'Accept',
29 silly registry.get     'keep-alive': 'timeout=10, max=50',
29 silly registry.get     connection: 'Keep-Alive' } ]
30 silly addNameRange number 2 { name: 'socket.io', range: '*', hasData: true }
31 silly addNameRange versions [ 'socket.io',
31 silly addNameRange   [ '0.3.8',
31 silly addNameRange     '0.4.0',
31 silly addNameRange     '0.4.1',
31 silly addNameRange     '0.5.1',
31 silly addNameRange     '0.5.3',
31 silly addNameRange     '0.6.0',
31 silly addNameRange     '0.6.1',
31 silly addNameRange     '0.6.3',
31 silly addNameRange     '0.6.4',
31 silly addNameRange     '0.6.5',
31 silly addNameRange     '0.6.6',
31 silly addNameRange     '0.6.7',
31 silly addNameRange     '0.6.8',
31 silly addNameRange     '0.6.9',
31 silly addNameRange     '0.6.10',
31 silly addNameRange     '0.6.11',
31 silly addNameRange     '0.6.12',
31 silly addNameRange     '0.6.14',
31 silly addNameRange     '0.6.15',
31 silly addNameRange     '0.6.16',
31 silly addNameRange     '0.6.17',
31 silly addNameRange     '0.6.18',
31 silly addNameRange     '0.7.0',
31 silly addNameRange     '0.7.1',
31 silly addNameRange     '0.7.2',
31 silly addNameRange     '0.7.3',
31 silly addNameRange     '0.7.4',
31 silly addNameRange     '0.7.5',
31 silly addNameRange     '0.7.6',
31 silly addNameRange     '0.7.7',
31 silly addNameRange     '0.7.8',
31 silly addNameRange     '0.7.9',
31 silly addNameRange     '0.7.10',
31 silly addNameRange     '0.7.11',
31 silly addNameRange     '0.8.0',
31 silly addNameRange     '0.8.1',
31 silly addNameRange     '0.8.2',
31 silly addNameRange     '0.8.3',
31 silly addNameRange     '0.8.4',
31 silly addNameRange     '0.8.5',
31 silly addNameRange     '0.8.6',
31 silly addNameRange     '0.8.7',
31 silly addNameRange     '0.9.0',
31 silly addNameRange     '0.9.1',
31 silly addNameRange     '0.9.1-1',
31 silly addNameRange     '0.9.2',
31 silly addNameRange     '0.9.3',
31 silly addNameRange     '0.9.4',
31 silly addNameRange     '0.9.5',
31 silly addNameRange     '0.9.6',
31 silly addNameRange     '0.9.7',
31 silly addNameRange     '0.9.8',
31 silly addNameRange     '0.9.9',
31 silly addNameRange     '0.9.10',
31 silly addNameRange     '0.9.11',
31 silly addNameRange     '0.9.12',
31 silly addNameRange     '0.9.13',
31 silly addNameRange     '0.9.14',
31 silly addNameRange     '0.9.15',
31 silly addNameRange     '0.9.16',
31 silly addNameRange     '1.0.0-pre',
31 silly addNameRange     '1.0.0-pre2',
31 silly addNameRange     '1.0.0-pre3',
31 silly addNameRange     '1.0.0-pre4',
31 silly addNameRange     '1.0.0-pre5',
31 silly addNameRange     '0.9.17',
31 silly addNameRange     '1.0.0',
31 silly addNameRange     '1.0.1',
31 silly addNameRange     '1.0.2',
31 silly addNameRange     '1.0.3',
31 silly addNameRange     '1.0.4',
31 silly addNameRange     '1.0.5',
31 silly addNameRange     '1.0.6',
31 silly addNameRange     '1.1.0',
31 silly addNameRange     '1.2.0',
31 silly addNameRange     '1.2.1' ] ]
32 verbose addNamed [ 'socket.io', '1.2.1' ]
33 verbose addNamed [ '1.2.1', '1.2.1' ]
34 silly lockFile 77e414a6-socket-io-1-2-1 socket.io@1.2.1
35 verbose lock socket.io@1.2.1 /Users/tree/.npm/77e414a6-socket-io-1-2-1.lock
36 silly lockFile 03c4f5da-rg-socket-io-socket-io-1-2-1-tgz https://registry.npmjs.org/socket.io/-/socket.io-1.2.1.tgz
37 verbose lock https://registry.npmjs.org/socket.io/-/socket.io-1.2.1.tgz /Users/tree/.npm/03c4f5da-rg-socket-io-socket-io-1-2-1-tgz.lock
38 verbose addRemoteTarball [ 'https://registry.npmjs.org/socket.io/-/socket.io-1.2.1.tgz',
38 verbose addRemoteTarball   '84400af534c0d32baa9ac88937eedb5b8465ee92' ]
39 info retry fetch attempt 1 at 17:02:23
40 verbose fetch to= /var/folders/tl/6xj53__x69s8qv94gf476pnm0000gn/T/npm-10609-boLRbrku/registry.npmjs.org/socket.io/-/socket.io-1.2.1.tgz
41 http GET https://registry.npmjs.org/socket.io/-/socket.io-1.2.1.tgz
42 http 200 https://registry.npmjs.org/socket.io/-/socket.io-1.2.1.tgz
43 silly lockFile 03c4f5da-rg-socket-io-socket-io-1-2-1-tgz https://registry.npmjs.org/socket.io/-/socket.io-1.2.1.tgz
44 silly lockFile 03c4f5da-rg-socket-io-socket-io-1-2-1-tgz https://registry.npmjs.org/socket.io/-/socket.io-1.2.1.tgz
45 silly lockFile 77e414a6-socket-io-1-2-1 socket.io@1.2.1
46 silly lockFile 77e414a6-socket-io-1-2-1 socket.io@1.2.1
47 silly lockFile c03de861-socket-io socket.io@
48 silly lockFile c03de861-socket-io socket.io@
49 error Error: EACCES, mkdir '/Users/tree/.npm/socket.io/1.2.1'
49 error  { [Error: EACCES, mkdir '/Users/tree/.npm/socket.io/1.2.1']
49 error   errno: 3,
49 error   code: 'EACCES',
49 error   path: '/Users/tree/.npm/socket.io/1.2.1',
49 error   parent: 'express_base' }
50 error Please try running this command again as root/Administrator.
51 error System Darwin 13.4.0
52 error command "node" "/usr/local/bin/npm" "install" "socket.io" "--save"
53 error cwd /Users/tree/快盘/github/jtlog_dashboard
54 error node -v v0.10.34
55 error npm -v 1.4.28
56 error path /Users/tree/.npm/socket.io/1.2.1
57 error code EACCES
58 error errno 3
59 error stack Error: EACCES, mkdir '/Users/tree/.npm/socket.io/1.2.1'
60 verbose exit [ 3, true ]
